\BOOKMARK [1][-]{section*.2}{\376\377\000A\000b\000s\000t\000r\000a\000c\000t}{}% 1
\BOOKMARK [1][-]{section.1}{\376\377\0001\000\040\000I\000n\000t\000r\000o\000d\000u\000c\000t\000i\000o\000n}{}% 2
\BOOKMARK [1][-]{section.2}{\376\377\0002\000\040\000O\000v\000e\000r\000v\000i\000e\000w\000\040\000o\000f\000\040\000c\000o\000n\000s\000i\000d\000e\000r\000e\000d\000\040\000m\000e\000t\000h\000o\000d\000s}{}% 3
\BOOKMARK [2][-]{subsection.2.1}{\376\377\0002\000.\0001\000\040\000M\000a\000s\000s\000\040\000S\000p\000r\000i\000n\000g\000\040\000S\000y\000s\000t\000e\000m}{section.2}% 4
\BOOKMARK [2][-]{subsection.2.2}{\376\377\0002\000.\0002\000\040\000P\000o\000s\000i\000t\000i\000o\000n\000\040\000B\000a\000s\000e\000d\000\040\000D\000y\000n\000a\000m\000i\000c\000s\000\040\000\050\000P\000B\000D\000\051}{section.2}% 5
\BOOKMARK [2][-]{subsection.2.3}{\376\377\0002\000.\0003\000\040\000F\000o\000l\000l\000o\000w\000-\000t\000h\000e\000-\000L\000e\000a\000d\000e\000r\000\040\000\050\000F\000T\000L\000\051}{section.2}% 6
\BOOKMARK [1][-]{section.3}{\376\377\0003\000\040\000P\000o\000s\000i\000t\000i\000o\000n\000\040\000B\000a\000s\000e\000d\000\040\000S\000i\000m\000u\000l\000a\000t\000i\000o\000n}{}% 7
\BOOKMARK [2][-]{subsection.3.1}{\376\377\0003\000.\0001\000\040\000A\000l\000g\000o\000r\000i\000t\000h\000m\000\040\000O\000v\000e\000r\000v\000i\000e\000w}{section.3}% 8
\BOOKMARK [2][-]{subsection.3.2}{\376\377\0003\000.\0002\000\040\000T\000h\000e\000\040\000S\000o\000l\000v\000e\000r}{section.3}% 9
\BOOKMARK [2][-]{subsection.3.3}{\376\377\0003\000.\0003\000\040\000D\000i\000s\000t\000a\000n\000c\000e\000\040\000C\000o\000n\000s\000t\000r\000a\000i\000n\000t}{section.3}% 10
\BOOKMARK [2][-]{subsection.3.4}{\376\377\0003\000.\0004\000\040\000B\000e\000n\000d\000i\000n\000g\000\040\000C\000o\000n\000s\000t\000r\000a\000i\000n\000t}{section.3}% 11
\BOOKMARK [2][-]{subsection.3.5}{\376\377\0003\000.\0005\000\040\000C\000o\000l\000l\000i\000s\000i\000o\000n\000\040\000C\000o\000n\000s\000t\000r\000a\000i\000n\000t}{section.3}% 12
\BOOKMARK [2][-]{subsection.3.6}{\376\377\0003\000.\0006\000\040\000P\000o\000s\000i\000t\000i\000o\000n\000\040\000C\000o\000n\000s\000t\000r\000a\000i\000n\000t}{section.3}% 13
\BOOKMARK [1][-]{section.4}{\376\377\0004\000\040\000I\000m\000p\000l\000e\000m\000e\000n\000t\000a\000t\000i\000o\000n}{}% 14
\BOOKMARK [2][-]{subsection.4.1}{\376\377\0004\000.\0001\000\040\000D\000a\000t\000a\000s\000t\000r\000u\000c\000t\000u\000r\000e\000s}{section.4}% 15
\BOOKMARK [2][-]{subsection.4.2}{\376\377\0004\000.\0002\000\040\000C\000o\000n\000s\000t\000r\000a\000i\000n\000t\000s}{section.4}% 16
\BOOKMARK [2][-]{subsection.4.3}{\376\377\0004\000.\0003\000\040\000P\000u\000t\000t\000i\000n\000g\000\040\000t\000h\000e\000\040\000H\000a\000i\000r\000\040\000i\000n\000\040\000t\000h\000e\000\040\000H\000a\000i\000r\000\040\000S\000i\000m\000u\000l\000a\000t\000i\000o\000n}{section.4}% 17
\BOOKMARK [1][-]{section.5}{\376\377\0005\000\040\000R\000e\000s\000u\000l\000t\000s}{}% 18
\BOOKMARK [1][-]{section.6}{\376\377\0006\000\040\000C\000o\000n\000c\000l\000u\000s\000i\000o\000n}{}% 19
\BOOKMARK [1][-]{section.7}{\376\377\0007\000\040\000F\000u\000t\000u\000r\000e\000\040\000W\000o\000r\000k}{}% 20
\BOOKMARK [2][-]{subsection.7.1}{\376\377\0007\000.\0001\000\040\000H\000a\000i\000r\000-\000h\000a\000i\000r\000\040\000C\000o\000l\000l\000i\000s\000i\000o\000n\000s}{section.7}% 21
\BOOKMARK [2][-]{subsection.7.2}{\376\377\0007\000.\0002\000\040\000B\000e\000n\000d\000i\000n\000g\000\040\000C\000o\000n\000s\000t\000r\000a\000i\000n\000t\000\040\000I\000m\000p\000r\000o\000v\000e\000m\000e\000n\000t\000s}{section.7}% 22
\BOOKMARK [2][-]{subsection.7.3}{\376\377\0007\000.\0003\000\040\000M\000o\000r\000e\000\040\000a\000n\000d\000\040\000b\000e\000t\000t\000e\000r\000\040\000c\000u\000s\000t\000o\000m\000i\000z\000a\000t\000i\000o\000n}{section.7}% 23
\BOOKMARK [2][-]{subsection.7.4}{\376\377\0007\000.\0004\000\040\000B\000e\000t\000t\000e\000r\000\040\000c\000u\000s\000t\000o\000m\000i\000z\000a\000b\000i\000l\000i\000t\000y}{section.7}% 24
\BOOKMARK [2][-]{subsection.7.5}{\376\377\0007\000.\0005\000\040\000S\000e\000q\000u\000e\000n\000c\000e\000\040\000f\000o\000r\000\040\000r\000a\000n\000d\000o\000m\000i\000z\000i\000n\000g\000\040\000h\000a\000i\000r\000\040\000p\000o\000s\000i\000t\000i\000o\000n\000s}{section.7}% 25
\BOOKMARK [2][-]{subsection.7.6}{\376\377\0007\000.\0006\000\040\000R\000e\000n\000d\000e\000r\000i\000n\000g}{section.7}% 26
\BOOKMARK [2][-]{subsection.7.7}{\376\377\0007\000.\0007\000\040\000M\000o\000v\000i\000n\000g\000\040\000t\000o\000\040\000t\000h\000e\000\040\000G\000P\000U}{section.7}% 27
\BOOKMARK [1][-]{section*.9}{\376\377\000A\000c\000k\000n\000o\000w\000l\000e\000d\000g\000m\000e\000n\000t\000s}{}% 28
\BOOKMARK [1][-]{section*.11}{\376\377\000R\000e\000f\000e\000r\000e\000n\000c\000e\000s}{}% 29
\BOOKMARK [1][-]{appendix.A}{\376\377\000A\000\040\000C\000o\000n\000s\000t\000r\000a\000i\000n\000t\000\040\000P\000r\000o\000j\000e\000c\000t\000i\000o\000n}{}% 30
\BOOKMARK [1][-]{appendix.B}{\376\377\000B\000\040\000S\000u\000p\000p\000l\000e\000m\000e\000n\000t\000a\000r\000y\000\040\000d\000e\000v\000e\000l\000o\000p\000m\000e\000n\000t}{}% 31
\BOOKMARK [2][-]{subsection.B.1}{\376\377\000B\000.\0001\000\040\000O\000B\000J\000\040\000R\000e\000a\000d\000e\000r}{appendix.B}% 32
\BOOKMARK [2][-]{subsection.B.2}{\376\377\000B\000.\0002\000\040\000R\000e\000c\000o\000r\000d\000i\000n\000g\000\040\000t\000h\000e\000\040\000s\000i\000m\000u\000l\000a\000t\000i\000o\000n\000\040\000o\000n\000-\000t\000h\000e\000-\000f\000l\000y}{appendix.B}% 33
